#! /c/Source/iverilog-install/bin/vvp
:ivl_version "12.0 (devel)" "(s20150603-1539-g2693dd32b)";
:ivl_delay_selection "TYPICAL";
:vpi_time_precision - 12;
:vpi_module "C:\iverilog\lib\ivl\system.vpi";
:vpi_module "C:\iverilog\lib\ivl\vhdl_sys.vpi";
:vpi_module "C:\iverilog\lib\ivl\vhdl_textio.vpi";
:vpi_module "C:\iverilog\lib\ivl\v2005_math.vpi";
:vpi_module "C:\iverilog\lib\ivl\va_math.vpi";
:vpi_module "C:\iverilog\lib\ivl\v2009.vpi";
S_000001d4755236f0 .scope package, "$unit" "$unit" 2 1;
 .timescale 0 0;
S_000001d4755230d0 .scope module, "tb_data_mem" "tb_data_mem" 3 3;
 .timescale -9 -12;
P_000001d47551b460 .param/l "DM_IDLE" 1 3 4, C4<0000>;
P_000001d47551b498 .param/l "DM_LOAD" 1 3 8, C4<1000>;
P_000001d47551b4d0 .param/l "DM_SB" 1 3 5, C4<0001>;
P_000001d47551b508 .param/l "DM_SH" 1 3 6, C4<0011>;
P_000001d47551b540 .param/l "DM_SW" 1 3 7, C4<1111>;
v000001d4758dd9a0_0 .var "addr", 31 0;
v000001d4758dc320_0 .var "clk", 0 0;
v000001d4758ddcc0_0 .net "dm_ack", 0 0, v000001d47558e6d0_0;  1 drivers
v000001d4758dcaa0_0 .var "dm_ctl", 3 0;
v000001d4758dd040_0 .net "dm_load", 31 0, L_000001d4758dcdc0;  1 drivers
v000001d4758dda40_0 .var "dm_store", 31 0;
v000001d4758dd720_0 .var/i "err_count", 31 0;
v000001d4758dc3c0_0 .var/i "i", 31 0;
v000001d4758dc8c0_0 .var/i "latency_ref", 31 0;
v000001d4758dce60 .array "model_mem", 255 0, 7 0;
v000001d4758dcf00_0 .var "rst", 0 0;
S_000001d475527b90 .scope task, "check_latency_fixed" "check_latency_fixed" 3 104, 3 104 0, S_000001d4755230d0;
 .timescale -9 -12;
v000001d475519e90_0 .var/i "lat", 31 0;
TD_tb_data_mem.check_latency_fixed ;
    %load/vec4 v000001d4758dc8c0_0;
    %cmpi/s 0, 0, 32;
    %jmp/0xz  T_0.0, 5;
    %load/vec4 v000001d475519e90_0;
    %store/vec4 v000001d4758dc8c0_0, 0, 32;
    %vpi_call/w 3 109 "$display", "[INFO] learned request latency = %0d negedges", v000001d4758dc8c0_0 {0 0 0};
    %jmp T_0.1;
T_0.0 ;
    %load/vec4 v000001d475519e90_0;
    %load/vec4 v000001d4758dc8c0_0;
    %cmp/ne;
    %jmp/0xz  T_0.2, 4;
    %load/vec4 v000001d4758dd720_0;
    %addi 1, 0, 32;
    %store/vec4 v000001d4758dd720_0, 0, 32;
    %vpi_call/w 3 112 "$display", "[FAIL] latency changed: ref=%0d got=%0d @%0t", v000001d4758dc8c0_0, v000001d475519e90_0, $time {0 0 0};
T_0.2 ;
T_0.1 ;
    %end;
S_000001d475527d20 .scope task, "do_load_check" "do_load_check" 3 162, 3 162 0, S_000001d4755230d0;
 .timescale -9 -12;
v000001d475519f30_0 .var "a", 31 0;
v000001d47551a110_0 .var "exp", 31 0;
v000001d47551a250_0 .var/i "lat", 31 0;
v000001d475519850_0 .var "tag", 767 0;
TD_tb_data_mem.do_load_check ;
    %load/vec4 v000001d475519f30_0;
    %store/vec4 v000001d4758dd680_0, 0, 32;
    %callf/vec4 TD_tb_data_mem.model_word, S_000001d4758de560;
    %store/vec4 v000001d47551a110_0, 0, 32;
    %pushi/vec4 8, 0, 4;
    %store/vec4 v000001d4758dcfa0_0, 0, 4;
    %load/vec4 v000001d475519f30_0;
    %store/vec4 v000001d47558e130_0, 0, 32;
    %pushi/vec4 0, 0, 32;
    %store/vec4 v000001d4758dd540_0, 0, 32;
    %load/vec4 v000001d475519850_0;
    %store/vec4 v000001d4758dde00_0, 0, 768;
    %fork TD_tb_data_mem.issue_req_and_wait_ack, S_000001d475482cd0;
    %join;
    %load/vec4 v000001d4758dc6e0_0;
    %store/vec4 v000001d47551a250_0, 0, 32;
    %load/vec4 v000001d4758dd040_0;
    %load/vec4 v000001d47551a110_0;
    %cmp/ne;
    %jmp/0xz  T_1.4, 6;
    %load/vec4 v000001d4758dd720_0;
    %addi 1, 0, 32;
    %store/vec4 v000001d4758dd720_0, 0, 32;
    %vpi_call/w 3 172 "$display", "[FAIL] load mismatch exp=0x%08x got=0x%08x @%0t", v000001d47551a110_0, v000001d4758dd040_0, $time {0 0 0};
    %jmp T_1.5;
T_1.4 ;
    %vpi_call/w 3 174 "$display", "[PASS] %s data=0x%08x", v000001d475519850_0, v000001d4758dd040_0 {0 0 0};
T_1.5 ;
    %end;
S_000001d4754fa650 .scope task, "do_store" "do_store" 3 150, 3 150 0, S_000001d4755230d0;
 .timescale -9 -12;
v000001d47551a2f0_0 .var "a", 31 0;
v000001d475519530_0 .var "ctl", 3 0;
v000001d4755195d0_0 .var/i "lat", 31 0;
v000001d475519670_0 .var "tag", 767 0;
v000001d475519990_0 .var "w", 31 0;
TD_tb_data_mem.do_store ;
    %load/vec4 v000001d475519530_0;
    %store/vec4 v000001d4758dcfa0_0, 0, 4;
    %load/vec4 v000001d47551a2f0_0;
    %store/vec4 v000001d47558e130_0, 0, 32;
    %load/vec4 v000001d475519990_0;
    %store/vec4 v000001d4758dd540_0, 0, 32;
    %load/vec4 v000001d475519670_0;
    %store/vec4 v000001d4758dde00_0, 0, 768;
    %fork TD_tb_data_mem.issue_req_and_wait_ack, S_000001d475482cd0;
    %join;
    %load/vec4 v000001d4758dc6e0_0;
    %store/vec4 v000001d4755195d0_0, 0, 32;
    %load/vec4 v000001d475519530_0;
    %store/vec4 v000001d4758dd5e0_0, 0, 4;
    %load/vec4 v000001d47551a2f0_0;
    %store/vec4 v000001d4758dd4a0_0, 0, 32;
    %load/vec4 v000001d475519990_0;
    %store/vec4 v000001d4758dc280_0, 0, 32;
    %fork TD_tb_data_mem.model_store, S_000001d4758de3d0;
    %join;
    %end;
S_000001d4754fa7e0 .scope module, "dut" "data_mem" 3 24, 4 23 0, S_000001d4755230d0;
 .timescale -9 -12;
    .port_info 0 /INPUT 1 "rst";
    .port_info 1 /INPUT 1 "clk";
    .port_info 2 /INPUT 4 "dm_ctl";
    .port_info 3 /INPUT 32 "addr";
    .port_info 4 /INPUT 32 "dm_store";
    .port_info 5 /OUTPUT 32 "dm_load";
    .port_info 6 /OUTPUT 1 "dm_ack";
L_000001d47551dd80 .functor OR 1, L_000001d4758dd180, L_000001d4758dc460, C4<0>, C4<0>;
L_000001d47551d990 .functor OR 1, L_000001d47551dd80, L_000001d4758dd7c0, C4<0>, C4<0>;
L_000001d47551e170 .functor OR 1, L_000001d47551d990, L_000001d4758dd900, C4<0>, C4<0>;
L_000001d4758de888 .functor BUFT 1, C4<1000>, C4<0>, C4<0>, C4<0>;
v000001d475519710_0 .net/2u *"_ivl_0", 3 0, L_000001d4758de888;  1 drivers
L_000001d4758de960 .functor BUFT 1, C4<1111>, C4<0>, C4<0>, C4<0>;
v000001d47558ce70_0 .net/2u *"_ivl_12", 3 0, L_000001d4758de960;  1 drivers
v000001d47558e4f0_0 .net *"_ivl_16", 0 0, L_000001d47551dd80;  1 drivers
v000001d47558da50_0 .net *"_ivl_18", 0 0, L_000001d47551d990;  1 drivers
v000001d47558e1d0_0 .net *"_ivl_27", 7 0, L_000001d4758dcb40;  1 drivers
L_000001d4758de9a8 .functor BUFT 1, C4<00000001>, C4<0>, C4<0>, C4<0>;
v000001d47558d190_0 .net/2u *"_ivl_28", 7 0, L_000001d4758de9a8;  1 drivers
v000001d47558d730_0 .net *"_ivl_33", 7 0, L_000001d4758dcbe0;  1 drivers
L_000001d4758de9f0 .functor BUFT 1, C4<00000010>, C4<0>, C4<0>, C4<0>;
v000001d47558dc30_0 .net/2u *"_ivl_34", 7 0, L_000001d4758de9f0;  1 drivers
v000001d47558d370_0 .net *"_ivl_39", 7 0, L_000001d4758ddea0;  1 drivers
L_000001d4758de8d0 .functor BUFT 1, C4<0001>, C4<0>, C4<0>, C4<0>;
v000001d47558e810_0 .net/2u *"_ivl_4", 3 0, L_000001d4758de8d0;  1 drivers
L_000001d4758dea38 .functor BUFT 1, C4<00000011>, C4<0>, C4<0>, C4<0>;
v000001d47558daf0_0 .net/2u *"_ivl_40", 7 0, L_000001d4758dea38;  1 drivers
v000001d47558cf10_0 .net *"_ivl_44", 7 0, L_000001d4758de120;  1 drivers
v000001d47558e770_0 .net *"_ivl_46", 9 0, L_000001d4758dc960;  1 drivers
L_000001d4758dea80 .functor BUFT 1, C4<00>, C4<0>, C4<0>, C4<0>;
v000001d47558de10_0 .net *"_ivl_49", 1 0, L_000001d4758dea80;  1 drivers
v000001d47558e630_0 .net *"_ivl_50", 7 0, L_000001d4758dc500;  1 drivers
v000001d47558deb0_0 .net *"_ivl_52", 9 0, L_000001d4758dd2c0;  1 drivers
L_000001d4758deac8 .functor BUFT 1, C4<00>, C4<0>, C4<0>, C4<0>;
v000001d47558d230_0 .net *"_ivl_55", 1 0, L_000001d4758deac8;  1 drivers
v000001d47558d2d0_0 .net *"_ivl_56", 7 0, L_000001d4758dc640;  1 drivers
v000001d47558d050_0 .net *"_ivl_58", 9 0, L_000001d4758dc780;  1 drivers
L_000001d4758deb10 .functor BUFT 1, C4<00>, C4<0>, C4<0>, C4<0>;
v000001d47558d5f0_0 .net *"_ivl_61", 1 0, L_000001d4758deb10;  1 drivers
v000001d47558e590_0 .net *"_ivl_62", 7 0, L_000001d4758dcc80;  1 drivers
v000001d47558e270_0 .net *"_ivl_64", 9 0, L_000001d4758dca00;  1 drivers
L_000001d4758deb58 .functor BUFT 1, C4<00>, C4<0>, C4<0>, C4<0>;
v000001d47558e310_0 .net *"_ivl_67", 1 0, L_000001d4758deb58;  1 drivers
L_000001d4758de918 .functor BUFT 1, C4<0011>, C4<0>, C4<0>, C4<0>;
v000001d47558e3b0_0 .net/2u *"_ivl_8", 3 0, L_000001d4758de918;  1 drivers
v000001d47558e950_0 .var "ack_pending", 0 0;
v000001d47558d410_0 .net "addr", 31 0, v000001d4758dd9a0_0;  1 drivers
v000001d47558d4b0_0 .net "addr_b0", 7 0, L_000001d4758ddd60;  1 drivers
v000001d47558e9f0_0 .net "addr_b1", 7 0, L_000001d4758dd0e0;  1 drivers
v000001d47558d550_0 .net "addr_b2", 7 0, L_000001d4758dd220;  1 drivers
v000001d47558db90_0 .net "addr_b3", 7 0, L_000001d4758ddfe0;  1 drivers
v000001d47558dd70 .array "bram", 0 255, 7 0;
v000001d47558e450_0 .var "busy", 0 0;
v000001d47558ea90_0 .net "clk", 0 0, v000001d4758dc320_0;  1 drivers
v000001d47558e6d0_0 .var "dm_ack", 0 0;
v000001d47558cfb0_0 .net "dm_ctl", 3 0, v000001d4758dcaa0_0;  1 drivers
v000001d47558d0f0_0 .net "dm_load", 31 0, L_000001d4758dcdc0;  alias, 1 drivers
v000001d47558cdd0_0 .net "dm_req_i", 0 0, L_000001d47551e170;  1 drivers
v000001d47558d910_0 .net "dm_store", 31 0, v000001d4758dda40_0;  1 drivers
v000001d47558e8b0_0 .var/i "i", 31 0;
v000001d47558d690_0 .var "pending_addr", 31 0;
v000001d47558eb30_0 .var "pending_dm_ctl", 3 0;
v000001d47558d7d0_0 .var "pending_store", 31 0;
v000001d47558ebd0_0 .net "rd_addr", 31 0, L_000001d4758dd860;  1 drivers
v000001d47558ec70_0 .net "req_load", 0 0, L_000001d4758dd180;  1 drivers
v000001d47558d870_0 .net "req_sb", 0 0, L_000001d4758dc460;  1 drivers
v000001d47558d9b0_0 .net "req_sh", 0 0, L_000001d4758dd7c0;  1 drivers
v000001d47558dcd0_0 .net "req_sw", 0 0, L_000001d4758dd900;  1 drivers
v000001d47558df50_0 .net "rst", 0 0, v000001d4758dcf00_0;  1 drivers
v000001d47558dff0_0 .var "wait_cnt", 1 0;
E_000001d475516ca0 .event negedge, v000001d47558ea90_0, v000001d47558df50_0;
E_000001d475517160/0 .event negedge, v000001d47558df50_0;
E_000001d475517160/1 .event posedge, v000001d47558ea90_0;
E_000001d475517160 .event/or E_000001d475517160/0, E_000001d475517160/1;
L_000001d4758dd180 .cmp/eq 4, v000001d4758dcaa0_0, L_000001d4758de888;
L_000001d4758dc460 .cmp/eq 4, v000001d4758dcaa0_0, L_000001d4758de8d0;
L_000001d4758dd7c0 .cmp/eq 4, v000001d4758dcaa0_0, L_000001d4758de918;
L_000001d4758dd900 .cmp/eq 4, v000001d4758dcaa0_0, L_000001d4758de960;
L_000001d4758dd860 .functor MUXZ 32, v000001d4758dd9a0_0, v000001d47558d690_0, v000001d47558e450_0, C4<>;
L_000001d4758ddd60 .part L_000001d4758dd860, 0, 8;
L_000001d4758dcb40 .part L_000001d4758dd860, 0, 8;
L_000001d4758dd0e0 .arith/sum 8, L_000001d4758dcb40, L_000001d4758de9a8;
L_000001d4758dcbe0 .part L_000001d4758dd860, 0, 8;
L_000001d4758dd220 .arith/sum 8, L_000001d4758dcbe0, L_000001d4758de9f0;
L_000001d4758ddea0 .part L_000001d4758dd860, 0, 8;
L_000001d4758ddfe0 .arith/sum 8, L_000001d4758ddea0, L_000001d4758dea38;
L_000001d4758de120 .array/port v000001d47558dd70, L_000001d4758dc960;
L_000001d4758dc960 .concat [ 8 2 0 0], L_000001d4758ddfe0, L_000001d4758dea80;
L_000001d4758dc500 .array/port v000001d47558dd70, L_000001d4758dd2c0;
L_000001d4758dd2c0 .concat [ 8 2 0 0], L_000001d4758dd220, L_000001d4758deac8;
L_000001d4758dc640 .array/port v000001d47558dd70, L_000001d4758dc780;
L_000001d4758dc780 .concat [ 8 2 0 0], L_000001d4758dd0e0, L_000001d4758deb10;
L_000001d4758dcc80 .array/port v000001d47558dd70, L_000001d4758dca00;
L_000001d4758dca00 .concat [ 8 2 0 0], L_000001d4758ddd60, L_000001d4758deb58;
L_000001d4758dcdc0 .concat [ 8 8 8 8], L_000001d4758dcc80, L_000001d4758dc640, L_000001d4758dc500, L_000001d4758de120;
S_000001d475482b40 .scope task, "fail" "fail" 3 48, 3 48 0, S_000001d4755230d0;
 .timescale -9 -12;
v000001d47558e090_0 .var "msg", 767 0;
TD_tb_data_mem.fail ;
    %load/vec4 v000001d4758dd720_0;
    %addi 1, 0, 32;
    %store/vec4 v000001d4758dd720_0, 0, 32;
    %vpi_call/w 3 52 "$display", "[FAIL] %s @%0t", v000001d47558e090_0, $time {0 0 0};
    %end;
S_000001d475482cd0 .scope task, "issue_req_and_wait_ack" "issue_req_and_wait_ack" 3 117, 3 117 0, S_000001d4755230d0;
 .timescale -9 -12;
v000001d47558e130_0 .var "a", 31 0;
v000001d4758dcfa0_0 .var "ctl", 3 0;
v000001d4758dc6e0_0 .var/i "lat", 31 0;
v000001d4758dde00_0 .var "tag", 767 0;
v000001d4758dd540_0 .var "w", 31 0;
TD_tb_data_mem.issue_req_and_wait_ack ;
    %fork t_1, S_000001d4758dc0a0;
    %jmp t_0;
    .scope S_000001d4758dc0a0;
t_1 ;
    %pushi/vec4 0, 0, 32;
    %store/vec4 v000001d4758dc6e0_0, 0, 32;
    %fork TD_tb_data_mem.wait_idle, S_000001d4758de6f0;
    %join;
    %wait E_000001d475516620;
    %load/vec4 v000001d4758dcfa0_0;
    %assign/vec4 v000001d4758dcaa0_0, 0;
    %load/vec4 v000001d47558e130_0;
    %assign/vec4 v000001d4758dd9a0_0, 0;
    %load/vec4 v000001d4758dd540_0;
    %assign/vec4 v000001d4758dda40_0, 0;
T_4.6 ;
    %load/vec4 v000001d4758ddcc0_0;
    %cmpi/ne 1, 0, 1;
    %jmp/0xz T_4.7, 6;
    %wait E_000001d475516620;
    %load/vec4 v000001d4758dc6e0_0;
    %addi 1, 0, 32;
    %store/vec4 v000001d4758dc6e0_0, 0, 32;
    %load/vec4 v000001d4758dc6e0_0;
    %cmpi/s 40, 0, 32;
    %flag_or 5, 4; GT is !LE
    %flag_inv 5;
    %jmp/0xz  T_4.8, 5;
    %pushi/vec4 0, 0, 32; draw_string_vec4
    %pushi/vec4 0, 0, 32; draw_string_vec4
    %concat/vec4; draw_string_vec4
    %pushi/vec4 0, 0, 32; draw_string_vec4
    %concat/vec4; draw_string_vec4
    %pushi/vec4 0, 0, 32; draw_string_vec4
    %concat/vec4; draw_string_vec4
    %pushi/vec4 0, 0, 32; draw_string_vec4
    %concat/vec4; draw_string_vec4
    %pushi/vec4 0, 0, 32; draw_string_vec4
    %concat/vec4; draw_string_vec4
    %pushi/vec4 0, 0, 32; draw_string_vec4
    %concat/vec4; draw_string_vec4
    %pushi/vec4 0, 0, 32; draw_string_vec4
    %concat/vec4; draw_string_vec4
    %pushi/vec4 0, 0, 32; draw_string_vec4
    %concat/vec4; draw_string_vec4
    %pushi/vec4 0, 0, 32; draw_string_vec4
    %concat/vec4; draw_string_vec4
    %pushi/vec4 0, 0, 32; draw_string_vec4
    %concat/vec4; draw_string_vec4
    %pushi/vec4 0, 0, 32; draw_string_vec4
    %concat/vec4; draw_string_vec4
    %pushi/vec4 0, 0, 32; draw_string_vec4
    %concat/vec4; draw_string_vec4
    %pushi/vec4 0, 0, 32; draw_string_vec4
    %concat/vec4; draw_string_vec4
    %pushi/vec4 0, 0, 32; draw_string_vec4
    %concat/vec4; draw_string_vec4
    %pushi/vec4 0, 0, 32; draw_string_vec4
    %concat/vec4; draw_string_vec4
    %pushi/vec4 0, 0, 32; draw_string_vec4
    %concat/vec4; draw_string_vec4
    %pushi/vec4 0, 0, 32; draw_string_vec4
    %concat/vec4; draw_string_vec4
    %pushi/vec4 0, 0, 32; draw_string_vec4
    %concat/vec4; draw_string_vec4
    %pushi/vec4 0, 0, 32; draw_string_vec4
    %concat/vec4; draw_string_vec4
    %pushi/vec4 0, 0, 32; draw_string_vec4
    %concat/vec4; draw_string_vec4
    %pushi/vec4 6382443, 0, 32; draw_string_vec4
    %concat/vec4; draw_string_vec4
    %pushi/vec4 544500077, 0, 32; draw_string_vec4
    %concat/vec4; draw_string_vec4
    %pushi/vec4 1701803380, 0, 32; draw_string_vec4
    %concat/vec4; draw_string_vec4
    %store/vec4 v000001d47558e090_0, 0, 768;
    %fork TD_tb_data_mem.fail, S_000001d475482b40;
    %join;
    %disable S_000001d4758dc0a0;
T_4.8 ;
    %jmp T_4.6;
T_4.7 ;
    %pushi/vec4 0, 0, 4;
    %assign/vec4 v000001d4758dcaa0_0, 0;
    %wait E_000001d475516620;
    %load/vec4 v000001d4758ddcc0_0;
    %cmpi/ne 0, 0, 1;
    %jmp/0xz  T_4.10, 6;
    %pushi/vec4 0, 0, 32; draw_string_vec4
    %pushi/vec4 0, 0, 32; draw_string_vec4
    %concat/vec4; draw_string_vec4
    %pushi/vec4 0, 0, 32; draw_string_vec4
    %concat/vec4; draw_string_vec4
    %pushi/vec4 0, 0, 32; draw_string_vec4
    %concat/vec4; draw_string_vec4
    %pushi/vec4 0, 0, 32; draw_string_vec4
    %concat/vec4; draw_string_vec4
    %pushi/vec4 0, 0, 32; draw_string_vec4
    %concat/vec4; draw_string_vec4
    %pushi/vec4 0, 0, 32; draw_string_vec4
    %concat/vec4; draw_string_vec4
    %pushi/vec4 0, 0, 32; draw_string_vec4
    %concat/vec4; draw_string_vec4
    %pushi/vec4 0, 0, 32; draw_string_vec4
    %concat/vec4; draw_string_vec4
    %pushi/vec4 0, 0, 32; draw_string_vec4
    %concat/vec4; draw_string_vec4
    %pushi/vec4 0, 0, 32; draw_string_vec4
    %concat/vec4; draw_string_vec4
    %pushi/vec4 0, 0, 32; draw_string_vec4
    %concat/vec4; draw_string_vec4
    %pushi/vec4 0, 0, 32; draw_string_vec4
    %concat/vec4; draw_string_vec4
    %pushi/vec4 0, 0, 32; draw_string_vec4
    %concat/vec4; draw_string_vec4
    %pushi/vec4 0, 0, 32; draw_string_vec4
    %concat/vec4; draw_string_vec4
    %pushi/vec4 0, 0, 32; draw_string_vec4
    %concat/vec4; draw_string_vec4
    %pushi/vec4 6382443, 0, 32; draw_string_vec4
    %concat/vec4; draw_string_vec4
    %pushi/vec4 544241004, 0, 32; draw_string_vec4
    %concat/vec4; draw_string_vec4
    %pushi/vec4 1936007273, 0, 32; draw_string_vec4
    %concat/vec4; draw_string_vec4
    %pushi/vec4 1931507561, 0, 32; draw_string_vec4
    %concat/vec4; draw_string_vec4
    %pushi/vec4 1684369952, 0, 32; draw_string_vec4
    %concat/vec4; draw_string_vec4
    %pushi/vec4 1952997742, 0, 32; draw_string_vec4
    %concat/vec4; draw_string_vec4
    %pushi/vec4 540090467, 0, 32; draw_string_vec4
    %concat/vec4; draw_string_vec4
    %pushi/vec4 2036558949, 0, 32; draw_string_vec4
    %concat/vec4; draw_string_vec4
    %store/vec4 v000001d47558e090_0, 0, 768;
    %fork TD_tb_data_mem.fail, S_000001d475482b40;
    %join;
T_4.10 ;
    %load/vec4 v000001d4758dc6e0_0;
    %store/vec4 v000001d475519e90_0, 0, 32;
    %fork TD_tb_data_mem.check_latency_fixed, S_000001d475527b90;
    %join;
    %vpi_call/w 3 146 "$display", "[PASS] %s (lat=%0d)", v000001d4758dde00_0, v000001d4758dc6e0_0 {0 0 0};
    %end;
    .scope S_000001d475482cd0;
t_0 %join;
    %end;
S_000001d4758dc0a0 .scope begin, "ISSUE_BLOCK" "ISSUE_BLOCK" 3 123, 3 123 0, S_000001d475482cd0;
 .timescale -9 -12;
E_000001d475516620 .event negedge, v000001d47558ea90_0;
S_000001d4758de240 .scope task, "model_reset" "model_reset" 3 56, 3 56 0, S_000001d4755230d0;
 .timescale -9 -12;
v000001d4758dd360_0 .var/i "j", 31 0;
TD_tb_data_mem.model_reset ;
    %pushi/vec4 0, 0, 32;
    %store/vec4 v000001d4758dd360_0, 0, 32;
T_5.12 ;
    %load/vec4 v000001d4758dd360_0;
    %cmpi/s 256, 0, 32;
    %jmp/0xz T_5.13, 5;
    %pushi/vec4 0, 0, 8;
    %ix/getv/s 4, v000001d4758dd360_0;
    %store/vec4a v000001d4758dce60, 4, 0;
    %load/vec4 v000001d4758dd360_0;
    %addi 1, 0, 32;
    %store/vec4 v000001d4758dd360_0, 0, 32;
    %jmp T_5.12;
T_5.13 ;
    %end;
S_000001d4758de3d0 .scope task, "model_store" "model_store" 3 64, 3 64 0, S_000001d4755230d0;
 .timescale -9 -12;
v000001d4758dd4a0_0 .var "a", 31 0;
v000001d4758dc5a0_0 .var "a0", 7 0;
v000001d4758ddb80_0 .var "a1", 7 0;
v000001d4758dd400_0 .var "a2", 7 0;
v000001d4758ddae0_0 .var "a3", 7 0;
v000001d4758dd5e0_0 .var "ctl", 3 0;
v000001d4758dc280_0 .var "w", 31 0;
TD_tb_data_mem.model_store ;
    %load/vec4 v000001d4758dd4a0_0;
    %parti/s 8, 0, 2;
    %store/vec4 v000001d4758dc5a0_0, 0, 8;
    %load/vec4 v000001d4758dd4a0_0;
    %parti/s 8, 0, 2;
    %addi 1, 0, 8;
    %store/vec4 v000001d4758ddb80_0, 0, 8;
    %load/vec4 v000001d4758dd4a0_0;
    %parti/s 8, 0, 2;
    %addi 2, 0, 8;
    %store/vec4 v000001d4758dd400_0, 0, 8;
    %load/vec4 v000001d4758dd4a0_0;
    %parti/s 8, 0, 2;
    %addi 3, 0, 8;
    %store/vec4 v000001d4758ddae0_0, 0, 8;
    %load/vec4 v000001d4758dd5e0_0;
    %dup/vec4;
    %pushi/vec4 1, 0, 4;
    %cmp/u;
    %jmp/1 T_6.14, 6;
    %dup/vec4;
    %pushi/vec4 3, 0, 4;
    %cmp/u;
    %jmp/1 T_6.15, 6;
    %dup/vec4;
    %pushi/vec4 15, 0, 4;
    %cmp/u;
    %jmp/1 T_6.16, 6;
    %jmp T_6.18;
T_6.14 ;
    %load/vec4 v000001d4758dc280_0;
    %parti/s 8, 0, 2;
    %load/vec4 v000001d4758dc5a0_0;
    %pad/u 10;
    %ix/vec4 4;
    %store/vec4a v000001d4758dce60, 4, 0;
    %jmp T_6.18;
T_6.15 ;
    %load/vec4 v000001d4758dc280_0;
    %parti/s 8, 0, 2;
    %load/vec4 v000001d4758dc5a0_0;
    %pad/u 10;
    %ix/vec4 4;
    %store/vec4a v000001d4758dce60, 4, 0;
    %load/vec4 v000001d4758dc280_0;
    %parti/s 8, 8, 5;
    %load/vec4 v000001d4758ddb80_0;
    %pad/u 10;
    %ix/vec4 4;
    %store/vec4a v000001d4758dce60, 4, 0;
    %jmp T_6.18;
T_6.16 ;
    %load/vec4 v000001d4758dc280_0;
    %parti/s 8, 0, 2;
    %load/vec4 v000001d4758dc5a0_0;
    %pad/u 10;
    %ix/vec4 4;
    %store/vec4a v000001d4758dce60, 4, 0;
    %load/vec4 v000001d4758dc280_0;
    %parti/s 8, 8, 5;
    %load/vec4 v000001d4758ddb80_0;
    %pad/u 10;
    %ix/vec4 4;
    %store/vec4a v000001d4758dce60, 4, 0;
    %load/vec4 v000001d4758dc280_0;
    %parti/s 8, 16, 6;
    %load/vec4 v000001d4758dd400_0;
    %pad/u 10;
    %ix/vec4 4;
    %store/vec4a v000001d4758dce60, 4, 0;
    %load/vec4 v000001d4758dc280_0;
    %parti/s 8, 24, 6;
    %load/vec4 v000001d4758ddae0_0;
    %pad/u 10;
    %ix/vec4 4;
    %store/vec4a v000001d4758dce60, 4, 0;
    %jmp T_6.18;
T_6.18 ;
    %pop/vec4 1;
    %end;
S_000001d4758de560 .scope function.vec4.s32, "model_word" "model_word" 3 36, 3 36 0, S_000001d4755230d0;
 .timescale -9 -12;
v000001d4758dd680_0 .var "a", 31 0;
v000001d4758ddf40_0 .var "a0", 7 0;
v000001d4758dc820_0 .var "a1", 7 0;
v000001d4758de080_0 .var "a2", 7 0;
v000001d4758dcd20_0 .var "a3", 7 0;
; Variable model_word is vec4 return value of scope S_000001d4758de560
TD_tb_data_mem.model_word ;
    %load/vec4 v000001d4758dd680_0;
    %parti/s 8, 0, 2;
    %store/vec4 v000001d4758ddf40_0, 0, 8;
    %load/vec4 v000001d4758dd680_0;
    %parti/s 8, 0, 2;
    %addi 1, 0, 8;
    %store/vec4 v000001d4758dc820_0, 0, 8;
    %load/vec4 v000001d4758dd680_0;
    %parti/s 8, 0, 2;
    %addi 2, 0, 8;
    %store/vec4 v000001d4758de080_0, 0, 8;
    %load/vec4 v000001d4758dd680_0;
    %parti/s 8, 0, 2;
    %addi 3, 0, 8;
    %store/vec4 v000001d4758dcd20_0, 0, 8;
    %load/vec4 v000001d4758dcd20_0;
    %pad/u 10;
    %ix/vec4 4;
    %load/vec4a v000001d4758dce60, 4;
    %load/vec4 v000001d4758de080_0;
    %pad/u 10;
    %ix/vec4 4;
    %load/vec4a v000001d4758dce60, 4;
    %concat/vec4; draw_concat_vec4
    %load/vec4 v000001d4758dc820_0;
    %pad/u 10;
    %ix/vec4 4;
    %load/vec4a v000001d4758dce60, 4;
    %concat/vec4; draw_concat_vec4
    %load/vec4 v000001d4758ddf40_0;
    %pad/u 10;
    %ix/vec4 4;
    %load/vec4a v000001d4758dce60, 4;
    %concat/vec4; draw_concat_vec4
    %ret/vec4 0, 0, 32;  Assign to model_word (store_vec4_to_lval)
    %end;
S_000001d4758de6f0 .scope task, "wait_idle" "wait_idle" 3 95, 3 95 0, S_000001d4755230d0;
 .timescale -9 -12;
TD_tb_data_mem.wait_idle ;
    %pushi/vec4 0, 0, 4;
    %assign/vec4 v000001d4758dcaa0_0, 0;
T_8.19 ;
    %load/vec4 v000001d47558e450_0;
    %cmpi/ne 0, 0, 1;
    %jmp/1 T_8.22, 6;
    %flag_mov 8, 6;
    %load/vec4 v000001d47558e950_0;
    %cmpi/ne 0, 0, 1;
    %flag_or 6, 8;
T_8.22;
    %jmp/1 T_8.21, 6;
    %flag_mov 8, 6;
    %load/vec4 v000001d4758ddcc0_0;
    %cmpi/ne 0, 0, 1;
    %flag_or 6, 8;
T_8.21;
    %jmp/0xz T_8.20, 6;
    %wait E_000001d475516620;
    %jmp T_8.19;
T_8.20 ;
    %end;
    .scope S_000001d4754fa7e0;
T_9 ;
    %pushi/vec4 0, 0, 32;
    %store/vec4 v000001d47558e8b0_0, 0, 32;
T_9.0 ;
    %load/vec4 v000001d47558e8b0_0;
    %cmpi/s 256, 0, 32;
    %jmp/0xz T_9.1, 5;
    %load/vec4 v000001d47558e8b0_0;
    %parti/s 8, 0, 2;
    %ix/getv/s 4, v000001d47558e8b0_0;
    %store/vec4a v000001d47558dd70, 4, 0;
    %load/vec4 v000001d47558e8b0_0;
    %addi 1, 0, 32;
    %store/vec4 v000001d47558e8b0_0, 0, 32;
    %jmp T_9.0;
T_9.1 ;
    %pushi/vec4 10, 0, 8;
    %ix/load 4, 80, 0;
    %flag_set/imm 4, 0;
    %store/vec4a v000001d47558dd70, 4, 0;
    %pushi/vec4 0, 0, 1;
    %store/vec4 v000001d47558e450_0, 0, 1;
    %pushi/vec4 0, 0, 2;
    %store/vec4 v000001d47558dff0_0, 0, 2;
    %pushi/vec4 0, 0, 1;
    %store/vec4 v000001d47558e950_0, 0, 1;
    %pushi/vec4 0, 0, 4;
    %store/vec4 v000001d47558eb30_0, 0, 4;
    %pushi/vec4 0, 0, 32;
    %store/vec4 v000001d47558d690_0, 0, 32;
    %pushi/vec4 0, 0, 32;
    %store/vec4 v000001d47558d7d0_0, 0, 32;
    %end;
    .thread T_9;
    .scope S_000001d4754fa7e0;
T_10 ;
    %wait E_000001d475517160;
    %load/vec4 v000001d47558df50_0;
    %nor/r;
    %flag_set/vec4 8;
    %jmp/0xz  T_10.0, 8;
    %pushi/vec4 0, 0, 1;
    %assign/vec4 v000001d47558e450_0, 0;
    %pushi/vec4 0, 0, 2;
    %assign/vec4 v000001d47558dff0_0, 0;
    %pushi/vec4 0, 0, 1;
    %assign/vec4 v000001d47558e950_0, 0;
    %pushi/vec4 0, 0, 4;
    %assign/vec4 v000001d47558eb30_0, 0;
    %pushi/vec4 0, 0, 32;
    %assign/vec4 v000001d47558d690_0, 0;
    %pushi/vec4 0, 0, 32;
    %assign/vec4 v000001d47558d7d0_0, 0;
    %pushi/vec4 0, 0, 32;
    %store/vec4 v000001d47558e8b0_0, 0, 32;
T_10.2 ;
    %load/vec4 v000001d47558e8b0_0;
    %cmpi/s 256, 0, 32;
    %jmp/0xz T_10.3, 5;
    %pushi/vec4 0, 0, 8;
    %ix/getv/s 3, v000001d47558e8b0_0;
    %ix/load 4, 0, 0; Constant delay
    %assign/vec4/a/d v000001d47558dd70, 0, 4;
    %load/vec4 v000001d47558e8b0_0;
    %addi 1, 0, 32;
    %store/vec4 v000001d47558e8b0_0, 0, 32;
    %jmp T_10.2;
T_10.3 ;
    %jmp T_10.1;
T_10.0 ;
    %pushi/vec4 0, 0, 1;
    %assign/vec4 v000001d47558e950_0, 0;
    %load/vec4 v000001d47558e450_0;
    %flag_set/vec4 8;
    %jmp/0xz  T_10.4, 8;
    %load/vec4 v000001d47558dff0_0;
    %cmpi/e 3, 0, 2;
    %jmp/0xz  T_10.6, 4;
    %pushi/vec4 0, 0, 1;
    %assign/vec4 v000001d47558e450_0, 0;
    %pushi/vec4 0, 0, 2;
    %assign/vec4 v000001d47558dff0_0, 0;
    %pushi/vec4 1, 0, 1;
    %assign/vec4 v000001d47558e950_0, 0;
    %load/vec4 v000001d47558eb30_0;
    %dup/vec4;
    %pushi/vec4 1, 0, 4;
    %cmp/u;
    %jmp/1 T_10.8, 6;
    %dup/vec4;
    %pushi/vec4 3, 0, 4;
    %cmp/u;
    %jmp/1 T_10.9, 6;
    %dup/vec4;
    %pushi/vec4 15, 0, 4;
    %cmp/u;
    %jmp/1 T_10.10, 6;
    %jmp T_10.12;
T_10.8 ;
    %load/vec4 v000001d47558d7d0_0;
    %parti/s 8, 0, 2;
    %load/vec4 v000001d47558d690_0;
    %parti/s 8, 0, 2;
    %pad/u 10;
    %ix/vec4 3;
    %ix/load 4, 0, 0; Constant delay
    %assign/vec4/a/d v000001d47558dd70, 0, 4;
    %jmp T_10.12;
T_10.9 ;
    %load/vec4 v000001d47558d7d0_0;
    %parti/s 8, 0, 2;
    %load/vec4 v000001d47558d690_0;
    %parti/s 8, 0, 2;
    %pad/u 10;
    %ix/vec4 3;
    %ix/load 4, 0, 0; Constant delay
    %assign/vec4/a/d v000001d47558dd70, 0, 4;
    %load/vec4 v000001d47558d7d0_0;
    %parti/s 8, 8, 5;
    %load/vec4 v000001d47558d690_0;
    %parti/s 8, 0, 2;
    %addi 1, 0, 8;
    %pad/u 10;
    %ix/vec4 3;
    %ix/load 4, 0, 0; Constant delay
    %assign/vec4/a/d v000001d47558dd70, 0, 4;
    %jmp T_10.12;
T_10.10 ;
    %load/vec4 v000001d47558d7d0_0;
    %parti/s 8, 0, 2;
    %load/vec4 v000001d47558d690_0;
    %parti/s 8, 0, 2;
    %pad/u 10;
    %ix/vec4 3;
    %ix/load 4, 0, 0; Constant delay
    %assign/vec4/a/d v000001d47558dd70, 0, 4;
    %load/vec4 v000001d47558d7d0_0;
    %parti/s 8, 8, 5;
    %load/vec4 v000001d47558d690_0;
    %parti/s 8, 0, 2;
    %addi 1, 0, 8;
    %pad/u 10;
    %ix/vec4 3;
    %ix/load 4, 0, 0; Constant delay
    %assign/vec4/a/d v000001d47558dd70, 0, 4;
    %load/vec4 v000001d47558d7d0_0;
    %parti/s 8, 16, 6;
    %load/vec4 v000001d47558d690_0;
    %parti/s 8, 0, 2;
    %addi 2, 0, 8;
    %pad/u 10;
    %ix/vec4 3;
    %ix/load 4, 0, 0; Constant delay
    %assign/vec4/a/d v000001d47558dd70, 0, 4;
    %load/vec4 v000001d47558d7d0_0;
    %parti/s 8, 24, 6;
    %load/vec4 v000001d47558d690_0;
    %parti/s 8, 0, 2;
    %addi 3, 0, 8;
    %pad/u 10;
    %ix/vec4 3;
    %ix/load 4, 0, 0; Constant delay
    %assign/vec4/a/d v000001d47558dd70, 0, 4;
    %jmp T_10.12;
T_10.12 ;
    %pop/vec4 1;
    %jmp T_10.7;
T_10.6 ;
    %load/vec4 v000001d47558dff0_0;
    %addi 1, 0, 2;
    %assign/vec4 v000001d47558dff0_0, 0;
T_10.7 ;
    %jmp T_10.5;
T_10.4 ;
    %load/vec4 v000001d47558cdd0_0;
    %flag_set/vec4 8;
    %jmp/0xz  T_10.13, 8;
    %pushi/vec4 1, 0, 1;
    %assign/vec4 v000001d47558e450_0, 0;
    %pushi/vec4 0, 0, 2;
    %assign/vec4 v000001d47558dff0_0, 0;
    %load/vec4 v000001d47558cfb0_0;
    %assign/vec4 v000001d47558eb30_0, 0;
    %load/vec4 v000001d47558d410_0;
    %assign/vec4 v000001d47558d690_0, 0;
    %load/vec4 v000001d47558d910_0;
    %assign/vec4 v000001d47558d7d0_0, 0;
T_10.13 ;
T_10.5 ;
T_10.1 ;
    %jmp T_10;
    .thread T_10;
    .scope S_000001d4754fa7e0;
T_11 ;
    %wait E_000001d475516ca0;
    %load/vec4 v000001d47558df50_0;
    %nor/r;
    %flag_set/vec4 8;
    %jmp/0xz  T_11.0, 8;
    %pushi/vec4 1, 0, 1;
    %assign/vec4 v000001d47558e6d0_0, 0;
    %jmp T_11.1;
T_11.0 ;
    %load/vec4 v000001d47558e950_0;
    %assign/vec4 v000001d47558e6d0_0, 0;
T_11.1 ;
    %jmp T_11;
    .thread T_11;
    .scope S_000001d4755230d0;
T_12 ;
    %delay 5000, 0;
    %load/vec4 v000001d4758dc320_0;
    %inv;
    %store/vec4 v000001d4758dc320_0, 0, 1;
    %jmp T_12;
    .thread T_12;
    .scope S_000001d4755230d0;
T_13 ;
    %pushi/vec4 0, 0, 1;
    %store/vec4 v000001d4758dc320_0, 0, 1;
    %pushi/vec4 1, 0, 1;
    %store/vec4 v000001d4758dcf00_0, 0, 1;
    %pushi/vec4 0, 0, 4;
    %store/vec4 v000001d4758dcaa0_0, 0, 4;
    %pushi/vec4 0, 0, 32;
    %store/vec4 v000001d4758dd9a0_0, 0, 32;
    %pushi/vec4 0, 0, 32;
    %store/vec4 v000001d4758dda40_0, 0, 32;
    %pushi/vec4 0, 0, 32;
    %store/vec4 v000001d4758dd720_0, 0, 32;
    %pushi/vec4 4294967295, 0, 32;
    %store/vec4 v000001d4758dc8c0_0, 0, 32;
    %delay 2000, 0;
    %pushi/vec4 0, 0, 1;
    %store/vec4 v000001d4758dcf00_0, 0, 1;
    %pushi/vec4 2, 0, 32;
T_13.0 %dup/vec4;
    %pushi/vec4 0, 0, 32;
    %cmp/s;
    %jmp/1xz T_13.1, 5;
    %jmp/1 T_13.1, 4;
    %pushi/vec4 1, 0, 32;
    %sub;
    %wait E_000001d475516620;
    %jmp T_13.0;
T_13.1 ;
    %pop/vec4 1;
    %pushi/vec4 1, 0, 1;
    %store/vec4 v000001d4758dcf00_0, 0, 1;
    %fork TD_tb_data_mem.model_reset, S_000001d4758de240;
    %join;
    %wait E_000001d475516620;
    %load/vec4 v000001d4758ddcc0_0;
    %cmpi/ne 0, 0, 1;
    %jmp/0xz  T_13.2, 6;
    %pushi/vec4 0, 0, 32; draw_string_vec4
    %pushi/vec4 0, 0, 32; draw_string_vec4
    %concat/vec4; draw_string_vec4
    %pushi/vec4 0, 0, 32; draw_string_vec4
    %concat/vec4; draw_string_vec4
    %pushi/vec4 0, 0, 32; draw_string_vec4
    %concat/vec4; draw_string_vec4
    %pushi/vec4 0, 0, 32; draw_string_vec4
    %concat/vec4; draw_string_vec4
    %pushi/vec4 0, 0, 32; draw_string_vec4
    %concat/vec4; draw_string_vec4
    %pushi/vec4 0, 0, 32; draw_string_vec4
    %concat/vec4; draw_string_vec4
    %pushi/vec4 0, 0, 32; draw_string_vec4
    %concat/vec4; draw_string_vec4
    %pushi/vec4 0, 0, 32; draw_string_vec4
    %concat/vec4; draw_string_vec4
    %pushi/vec4 0, 0, 32; draw_string_vec4
    %concat/vec4; draw_string_vec4
    %pushi/vec4 0, 0, 32; draw_string_vec4
    %concat/vec4; draw_string_vec4
    %pushi/vec4 0, 0, 32; draw_string_vec4
    %concat/vec4; draw_string_vec4
    %pushi/vec4 0, 0, 32; draw_string_vec4
    %concat/vec4; draw_string_vec4
    %pushi/vec4 0, 0, 32; draw_string_vec4
    %concat/vec4; draw_string_vec4
    %pushi/vec4 97, 0, 32; draw_string_vec4
    %concat/vec4; draw_string_vec4
    %pushi/vec4 1667965043, 0, 32; draw_string_vec4
    %concat/vec4; draw_string_vec4
    %pushi/vec4 1752135020, 0, 32; draw_string_vec4
    %concat/vec4; draw_string_vec4
    %pushi/vec4 1679843941, 0, 32; draw_string_vec4
    %concat/vec4; draw_string_vec4
    %pushi/vec4 543977335, 0, 32; draw_string_vec4
    %concat/vec4; draw_string_vec4
    %pushi/vec4 543254132, 0, 32; draw_string_vec4
    %concat/vec4; draw_string_vec4
    %pushi/vec4 1701978226, 0, 32; draw_string_vec4
    %concat/vec4; draw_string_vec4
    %pushi/vec4 1702061428, 0, 32; draw_string_vec4
    %concat/vec4; draw_string_vec4
    %pushi/vec4 544367980, 0, 32; draw_string_vec4
    %concat/vec4; draw_string_vec4
    %pushi/vec4 1700885349, 0, 32; draw_string_vec4
    %concat/vec4; draw_string_vec4
    %store/vec4 v000001d47558e090_0, 0, 768;
    %fork TD_tb_data_mem.fail, S_000001d475482b40;
    %join;
    %jmp T_13.3;
T_13.2 ;
    %vpi_call/w 3 198 "$display", "[PASS] reset + idle ack" {0 0 0};
T_13.3 ;
    %pushi/vec4 0, 0, 4;
    %assign/vec4 v000001d4758dcaa0_0, 0;
    %pushi/vec4 0, 0, 32;
    %store/vec4 v000001d4758dc3c0_0, 0, 32;
T_13.4 ;
    %load/vec4 v000001d4758dc3c0_0;
    %cmpi/s 8, 0, 32;
    %jmp/0xz T_13.5, 5;
    %wait E_000001d475516620;
    %load/vec4 v000001d4758ddcc0_0;
    %cmpi/ne 0, 0, 1;
    %jmp/0xz  T_13.6, 6;
    %pushi/vec4 0, 0, 32; draw_string_vec4
    %pushi/vec4 0, 0, 32; draw_string_vec4
    %concat/vec4; draw_string_vec4
    %pushi/vec4 0, 0, 32; draw_string_vec4
    %concat/vec4; draw_string_vec4
    %pushi/vec4 0, 0, 32; draw_string_vec4
    %concat/vec4; draw_string_vec4
    %pushi/vec4 0, 0, 32; draw_string_vec4
    %concat/vec4; draw_string_vec4
    %pushi/vec4 0, 0, 32; draw_string_vec4
    %concat/vec4; draw_string_vec4
    %pushi/vec4 0, 0, 32; draw_string_vec4
    %concat/vec4; draw_string_vec4
    %pushi/vec4 0, 0, 32; draw_string_vec4
    %concat/vec4; draw_string_vec4
    %pushi/vec4 0, 0, 32; draw_string_vec4
    %concat/vec4; draw_string_vec4
    %pushi/vec4 0, 0, 32; draw_string_vec4
    %concat/vec4; draw_string_vec4
    %pushi/vec4 0, 0, 32; draw_string_vec4
    %concat/vec4; draw_string_vec4
    %pushi/vec4 0, 0, 32; draw_string_vec4
    %concat/vec4; draw_string_vec4
    %pushi/vec4 0, 0, 32; draw_string_vec4
    %concat/vec4; draw_string_vec4
    %pushi/vec4 0, 0, 32; draw_string_vec4
    %concat/vec4; draw_string_vec4
    %pushi/vec4 0, 0, 32; draw_string_vec4
    %concat/vec4; draw_string_vec4
    %pushi/vec4 0, 0, 32; draw_string_vec4
    %concat/vec4; draw_string_vec4
    %pushi/vec4 0, 0, 32; draw_string_vec4
    %concat/vec4; draw_string_vec4
    %pushi/vec4 0, 0, 32; draw_string_vec4
    %concat/vec4; draw_string_vec4
    %pushi/vec4 1633905440, 0, 32; draw_string_vec4
    %concat/vec4; draw_string_vec4
    %pushi/vec4 1634956133, 0, 32; draw_string_vec4
    %concat/vec4; draw_string_vec4
    %pushi/vec4 1920230756, 0, 32; draw_string_vec4
    %concat/vec4; draw_string_vec4
    %pushi/vec4 543454578, 0, 32; draw_string_vec4
    %concat/vec4; draw_string_vec4
    %pushi/vec4 1768843040, 0, 32; draw_string_vec4
    %concat/vec4; draw_string_vec4
    %pushi/vec4 1768189029, 0, 32; draw_string_vec4
    %concat/vec4; draw_string_vec4
    %store/vec4 v000001d47558e090_0, 0, 768;
    %fork TD_tb_data_mem.fail, S_000001d475482b40;
    %join;
T_13.6 ;
    %load/vec4 v000001d4758dc3c0_0;
    %addi 1, 0, 32;
    %store/vec4 v000001d4758dc3c0_0, 0, 32;
    %jmp T_13.4;
T_13.5 ;
    %vpi_call/w 3 207 "$display", "[PASS] idle no-ack check" {0 0 0};
    %pushi/vec4 32, 0, 32;
    %store/vec4 v000001d475519f30_0, 0, 32;
    %pushi/vec4 0, 0, 32; draw_string_vec4
    %pushi/vec4 0, 0, 32; draw_string_vec4
    %concat/vec4; draw_string_vec4
    %pushi/vec4 0, 0, 32; draw_string_vec4
    %concat/vec4; draw_string_vec4
    %pushi/vec4 0, 0, 32; draw_string_vec4
    %concat/vec4; draw_string_vec4
    %pushi/vec4 0, 0, 32; draw_string_vec4
    %concat/vec4; draw_string_vec4
    %pushi/vec4 0, 0, 32; draw_string_vec4
    %concat/vec4; draw_string_vec4
    %pushi/vec4 0, 0, 32; draw_string_vec4
    %concat/vec4; draw_string_vec4
    %pushi/vec4 0, 0, 32; draw_string_vec4
    %concat/vec4; draw_string_vec4
    %pushi/vec4 0, 0, 32; draw_string_vec4
    %concat/vec4; draw_string_vec4
    %pushi/vec4 0, 0, 32; draw_string_vec4
    %concat/vec4; draw_string_vec4
    %pushi/vec4 0, 0, 32; draw_string_vec4
    %concat/vec4; draw_string_vec4
    %pushi/vec4 0, 0, 32; draw_string_vec4
    %concat/vec4; draw_string_vec4
    %pushi/vec4 0, 0, 32; draw_string_vec4
    %concat/vec4; draw_string_vec4
    %pushi/vec4 0, 0, 32; draw_string_vec4
    %concat/vec4; draw_string_vec4
    %pushi/vec4 0, 0, 32; draw_string_vec4
    %concat/vec4; draw_string_vec4
    %pushi/vec4 0, 0, 32; draw_string_vec4
    %concat/vec4; draw_string_vec4
    %pushi/vec4 0, 0, 32; draw_string_vec4
    %concat/vec4; draw_string_vec4
    %pushi/vec4 0, 0, 32; draw_string_vec4
    %concat/vec4; draw_string_vec4
    %pushi/vec4 108, 0, 32; draw_string_vec4
    %concat/vec4; draw_string_vec4
    %pushi/vec4 1868653600, 0, 32; draw_string_vec4
    %concat/vec4; draw_string_vec4
    %pushi/vec4 2053468783, 0, 32; draw_string_vec4
    %concat/vec4; draw_string_vec4
    %pushi/vec4 543254132, 0, 32; draw_string_vec4
    %concat/vec4; draw_string_vec4
    %pushi/vec4 1701978226, 0, 32; draw_string_vec4
    %concat/vec4; draw_string_vec4
    %pushi/vec4 1702061428, 0, 32; draw_string_vec4
    %concat/vec4; draw_string_vec4
    %store/vec4 v000001d475519850_0, 0, 768;
    %fork TD_tb_data_mem.do_load_check, S_000001d475527d20;
    %join;
    %pushi/vec4 15, 0, 4;
    %store/vec4 v000001d475519530_0, 0, 4;
    %pushi/vec4 36, 0, 32;
    %store/vec4 v000001d47551a2f0_0, 0, 32;
    %pushi/vec4 3735928559, 0, 32;
    %store/vec4 v000001d475519990_0, 0, 32;
    %pushi/vec4 0, 0, 32; draw_string_vec4
    %pushi/vec4 0, 0, 32; draw_string_vec4
    %concat/vec4; draw_string_vec4
    %pushi/vec4 0, 0, 32; draw_string_vec4
    %concat/vec4; draw_string_vec4
    %pushi/vec4 0, 0, 32; draw_string_vec4
    %concat/vec4; draw_string_vec4
    %pushi/vec4 0, 0, 32; draw_string_vec4
    %concat/vec4; draw_string_vec4
    %pushi/vec4 0, 0, 32; draw_string_vec4
    %concat/vec4; draw_string_vec4
    %pushi/vec4 0, 0, 32; draw_string_vec4
    %concat/vec4; draw_string_vec4
    %pushi/vec4 0, 0, 32; draw_string_vec4
    %concat/vec4; draw_string_vec4
    %pushi/vec4 0, 0, 32; draw_string_vec4
    %concat/vec4; draw_string_vec4
    %pushi/vec4 0, 0, 32; draw_string_vec4
    %concat/vec4; draw_string_vec4
    %pushi/vec4 0, 0, 32; draw_string_vec4
    %concat/vec4; draw_string_vec4
    %pushi/vec4 0, 0, 32; draw_string_vec4
    %concat/vec4; draw_string_vec4
    %pushi/vec4 0, 0, 32; draw_string_vec4
    %concat/vec4; draw_string_vec4
    %pushi/vec4 0, 0, 32; draw_string_vec4
    %concat/vec4; draw_string_vec4
    %pushi/vec4 0, 0, 32; draw_string_vec4
    %concat/vec4; draw_string_vec4
    %pushi/vec4 0, 0, 32; draw_string_vec4
    %concat/vec4; draw_string_vec4
    %pushi/vec4 0, 0, 32; draw_string_vec4
    %concat/vec4; draw_string_vec4
    %pushi/vec4 0, 0, 32; draw_string_vec4
    %concat/vec4; draw_string_vec4
    %pushi/vec4 0, 0, 32; draw_string_vec4
    %concat/vec4; draw_string_vec4
    %pushi/vec4 0, 0, 32; draw_string_vec4
    %concat/vec4; draw_string_vec4
    %pushi/vec4 0, 0, 32; draw_string_vec4
    %concat/vec4; draw_string_vec4
    %pushi/vec4 29556, 0, 32; draw_string_vec4
    %concat/vec4; draw_string_vec4
    %pushi/vec4 1869767968, 0, 32; draw_string_vec4
    %concat/vec4; draw_string_vec4
    %pushi/vec4 2003792484, 0, 32; draw_string_vec4
    %concat/vec4; draw_string_vec4
    %store/vec4 v000001d475519670_0, 0, 768;
    %fork TD_tb_data_mem.do_store, S_000001d4754fa650;
    %join;
    %pushi/vec4 36, 0, 32;
    %store/vec4 v000001d475519f30_0, 0, 32;
    %pushi/vec4 0, 0, 32; draw_string_vec4
    %pushi/vec4 0, 0, 32; draw_string_vec4
    %concat/vec4; draw_string_vec4
    %pushi/vec4 0, 0, 32; draw_string_vec4
    %concat/vec4; draw_string_vec4
    %pushi/vec4 0, 0, 32; draw_string_vec4
    %concat/vec4; draw_string_vec4
    %pushi/vec4 0, 0, 32; draw_string_vec4
    %concat/vec4; draw_string_vec4
    %pushi/vec4 0, 0, 32; draw_string_vec4
    %concat/vec4; draw_string_vec4
    %pushi/vec4 0, 0, 32; draw_string_vec4
    %concat/vec4; draw_string_vec4
    %pushi/vec4 0, 0, 32; draw_string_vec4
    %concat/vec4; draw_string_vec4
    %pushi/vec4 0, 0, 32; draw_string_vec4
    %concat/vec4; draw_string_vec4
    %pushi/vec4 0, 0, 32; draw_string_vec4
    %concat/vec4; draw_string_vec4
    %pushi/vec4 0, 0, 32; draw_string_vec4
    %concat/vec4; draw_string_vec4
    %pushi/vec4 0, 0, 32; draw_string_vec4
    %concat/vec4; draw_string_vec4
    %pushi/vec4 0, 0, 32; draw_string_vec4
    %concat/vec4; draw_string_vec4
    %pushi/vec4 0, 0, 32; draw_string_vec4
    %concat/vec4; draw_string_vec4
    %pushi/vec4 0, 0, 32; draw_string_vec4
    %concat/vec4; draw_string_vec4
    %pushi/vec4 0, 0, 32; draw_string_vec4
    %concat/vec4; draw_string_vec4
    %pushi/vec4 0, 0, 32; draw_string_vec4
    %concat/vec4; draw_string_vec4
    %pushi/vec4 0, 0, 32; draw_string_vec4
    %concat/vec4; draw_string_vec4
    %pushi/vec4 0, 0, 32; draw_string_vec4
    %concat/vec4; draw_string_vec4
    %pushi/vec4 0, 0, 32; draw_string_vec4
    %concat/vec4; draw_string_vec4
    %pushi/vec4 108, 0, 32; draw_string_vec4
    %concat/vec4; draw_string_vec4
    %pushi/vec4 1868653600, 0, 32; draw_string_vec4
    %concat/vec4; draw_string_vec4
    %pushi/vec4 1634104421, 0, 32; draw_string_vec4
    %concat/vec4; draw_string_vec4
    %pushi/vec4 1914721111, 0, 32; draw_string_vec4
    %concat/vec4; draw_string_vec4
    %store/vec4 v000001d475519850_0, 0, 768;
    %fork TD_tb_data_mem.do_load_check, S_000001d475527d20;
    %join;
    %pushi/vec4 1, 0, 4;
    %store/vec4 v000001d475519530_0, 0, 4;
    %pushi/vec4 37, 0, 32;
    %store/vec4 v000001d47551a2f0_0, 0, 32;
    %pushi/vec4 170, 0, 32;
    %store/vec4 v000001d475519990_0, 0, 32;
    %pushi/vec4 0, 0, 32; draw_string_vec4
    %pushi/vec4 0, 0, 32; draw_string_vec4
    %concat/vec4; draw_string_vec4
    %pushi/vec4 0, 0, 32; draw_string_vec4
    %concat/vec4; draw_string_vec4
    %pushi/vec4 0, 0, 32; draw_string_vec4
    %concat/vec4; draw_string_vec4
    %pushi/vec4 0, 0, 32; draw_string_vec4
    %concat/vec4; draw_string_vec4
    %pushi/vec4 0, 0, 32; draw_string_vec4
    %concat/vec4; draw_string_vec4
    %pushi/vec4 0, 0, 32; draw_string_vec4
    %concat/vec4; draw_string_vec4
    %pushi/vec4 0, 0, 32; draw_string_vec4
    %concat/vec4; draw_string_vec4
    %pushi/vec4 0, 0, 32; draw_string_vec4
    %concat/vec4; draw_string_vec4
    %pushi/vec4 0, 0, 32; draw_string_vec4
    %concat/vec4; draw_string_vec4
    %pushi/vec4 0, 0, 32; draw_string_vec4
    %concat/vec4; draw_string_vec4
    %pushi/vec4 0, 0, 32; draw_string_vec4
    %concat/vec4; draw_string_vec4
    %pushi/vec4 0, 0, 32; draw_string_vec4
    %concat/vec4; draw_string_vec4
    %pushi/vec4 0, 0, 32; draw_string_vec4
    %concat/vec4; draw_string_vec4
    %pushi/vec4 0, 0, 32; draw_string_vec4
    %concat/vec4; draw_string_vec4
    %pushi/vec4 0, 0, 32; draw_string_vec4
    %concat/vec4; draw_string_vec4
    %pushi/vec4 0, 0, 32; draw_string_vec4
    %concat/vec4; draw_string_vec4
    %pushi/vec4 0, 0, 32; draw_string_vec4
    %concat/vec4; draw_string_vec4
    %pushi/vec4 0, 0, 32; draw_string_vec4
    %concat/vec4; draw_string_vec4
    %pushi/vec4 0, 0, 32; draw_string_vec4
    %concat/vec4; draw_string_vec4
    %pushi/vec4 0, 0, 32; draw_string_vec4
    %concat/vec4; draw_string_vec4
    %pushi/vec4 29556, 0, 32; draw_string_vec4
    %concat/vec4; draw_string_vec4
    %pushi/vec4 1869767968, 0, 32; draw_string_vec4
    %concat/vec4; draw_string_vec4
    %pushi/vec4 1652126821, 0, 32; draw_string_vec4
    %concat/vec4; draw_string_vec4
    %store/vec4 v000001d475519670_0, 0, 768;
    %fork TD_tb_data_mem.do_store, S_000001d4754fa650;
    %join;
    %pushi/vec4 36, 0, 32;
    %store/vec4 v000001d475519f30_0, 0, 32;
    %pushi/vec4 0, 0, 32; draw_string_vec4
    %pushi/vec4 0, 0, 32; draw_string_vec4
    %concat/vec4; draw_string_vec4
    %pushi/vec4 0, 0, 32; draw_string_vec4
    %concat/vec4; draw_string_vec4
    %pushi/vec4 0, 0, 32; draw_string_vec4
    %concat/vec4; draw_string_vec4
    %pushi/vec4 0, 0, 32; draw_string_vec4
    %concat/vec4; draw_string_vec4
    %pushi/vec4 0, 0, 32; draw_string_vec4
    %concat/vec4; draw_string_vec4
    %pushi/vec4 0, 0, 32; draw_string_vec4
    %concat/vec4; draw_string_vec4
    %pushi/vec4 0, 0, 32; draw_string_vec4
    %concat/vec4; draw_string_vec4
    %pushi/vec4 0, 0, 32; draw_string_vec4
    %concat/vec4; draw_string_vec4
    %pushi/vec4 0, 0, 32; draw_string_vec4
    %concat/vec4; draw_string_vec4
    %pushi/vec4 0, 0, 32; draw_string_vec4
    %concat/vec4; draw_string_vec4
    %pushi/vec4 0, 0, 32; draw_string_vec4
    %concat/vec4; draw_string_vec4
    %pushi/vec4 0, 0, 32; draw_string_vec4
    %concat/vec4; draw_string_vec4
    %pushi/vec4 0, 0, 32; draw_string_vec4
    %concat/vec4; draw_string_vec4
    %pushi/vec4 0, 0, 32; draw_string_vec4
    %concat/vec4; draw_string_vec4
    %pushi/vec4 0, 0, 32; draw_string_vec4
    %concat/vec4; draw_string_vec4
    %pushi/vec4 0, 0, 32; draw_string_vec4
    %concat/vec4; draw_string_vec4
    %pushi/vec4 0, 0, 32; draw_string_vec4
    %concat/vec4; draw_string_vec4
    %pushi/vec4 0, 0, 32; draw_string_vec4
    %concat/vec4; draw_string_vec4
    %pushi/vec4 0, 0, 32; draw_string_vec4
    %concat/vec4; draw_string_vec4
    %pushi/vec4 98, 0, 32; draw_string_vec4
    %concat/vec4; draw_string_vec4
    %pushi/vec4 2037671200, 0, 32; draw_string_vec4
    %concat/vec4; draw_string_vec4
    %pushi/vec4 1886545267, 0, 32; draw_string_vec4
    %concat/vec4; draw_string_vec4
    %pushi/vec4 1702000229, 0, 32; draw_string_vec4
    %concat/vec4; draw_string_vec4
    %store/vec4 v000001d475519850_0, 0, 768;
    %fork TD_tb_data_mem.do_load_check, S_000001d475527d20;
    %join;
    %pushi/vec4 3, 0, 4;
    %store/vec4 v000001d475519530_0, 0, 4;
    %pushi/vec4 38, 0, 32;
    %store/vec4 v000001d47551a2f0_0, 0, 32;
    %pushi/vec4 4660, 0, 32;
    %store/vec4 v000001d475519990_0, 0, 32;
    %pushi/vec4 0, 0, 32; draw_string_vec4
    %pushi/vec4 0, 0, 32; draw_string_vec4
    %concat/vec4; draw_string_vec4
    %pushi/vec4 0, 0, 32; draw_string_vec4
    %concat/vec4; draw_string_vec4
    %pushi/vec4 0, 0, 32; draw_string_vec4
    %concat/vec4; draw_string_vec4
    %pushi/vec4 0, 0, 32; draw_string_vec4
    %concat/vec4; draw_string_vec4
    %pushi/vec4 0, 0, 32; draw_string_vec4
    %concat/vec4; draw_string_vec4
    %pushi/vec4 0, 0, 32; draw_string_vec4
    %concat/vec4; draw_string_vec4
    %pushi/vec4 0, 0, 32; draw_string_vec4
    %concat/vec4; draw_string_vec4
    %pushi/vec4 0, 0, 32; draw_string_vec4
    %concat/vec4; draw_string_vec4
    %pushi/vec4 0, 0, 32; draw_string_vec4
    %concat/vec4; draw_string_vec4
    %pushi/vec4 0, 0, 32; draw_string_vec4
    %concat/vec4; draw_string_vec4
    %pushi/vec4 0, 0, 32; draw_string_vec4
    %concat/vec4; draw_string_vec4
    %pushi/vec4 0, 0, 32; draw_string_vec4
    %concat/vec4; draw_string_vec4
    %pushi/vec4 0, 0, 32; draw_string_vec4
    %concat/vec4; draw_string_vec4
    %pushi/vec4 0, 0, 32; draw_string_vec4
    %concat/vec4; draw_string_vec4
    %pushi/vec4 0, 0, 32; draw_string_vec4
    %concat/vec4; draw_string_vec4
    %pushi/vec4 0, 0, 32; draw_string_vec4
    %concat/vec4; draw_string_vec4
    %pushi/vec4 0, 0, 32; draw_string_vec4
    %concat/vec4; draw_string_vec4
    %pushi/vec4 0, 0, 32; draw_string_vec4
    %concat/vec4; draw_string_vec4
    %pushi/vec4 0, 0, 32; draw_string_vec4
    %concat/vec4; draw_string_vec4
    %pushi/vec4 29556, 0, 32; draw_string_vec4
    %concat/vec4; draw_string_vec4
    %pushi/vec4 1869767968, 0, 32; draw_string_vec4
    %concat/vec4; draw_string_vec4
    %pushi/vec4 1751215206, 0, 32; draw_string_vec4
    %concat/vec4; draw_string_vec4
    %pushi/vec4 2003792484, 0, 32; draw_string_vec4
    %concat/vec4; draw_string_vec4
    %store/vec4 v000001d475519670_0, 0, 768;
    %fork TD_tb_data_mem.do_store, S_000001d4754fa650;
    %join;
    %pushi/vec4 36, 0, 32;
    %store/vec4 v000001d475519f30_0, 0, 32;
    %pushi/vec4 0, 0, 32; draw_string_vec4
    %pushi/vec4 0, 0, 32; draw_string_vec4
    %concat/vec4; draw_string_vec4
    %pushi/vec4 0, 0, 32; draw_string_vec4
    %concat/vec4; draw_string_vec4
    %pushi/vec4 0, 0, 32; draw_string_vec4
    %concat/vec4; draw_string_vec4
    %pushi/vec4 0, 0, 32; draw_string_vec4
    %concat/vec4; draw_string_vec4
    %pushi/vec4 0, 0, 32; draw_string_vec4
    %concat/vec4; draw_string_vec4
    %pushi/vec4 0, 0, 32; draw_string_vec4
    %concat/vec4; draw_string_vec4
    %pushi/vec4 0, 0, 32; draw_string_vec4
    %concat/vec4; draw_string_vec4
    %pushi/vec4 0, 0, 32; draw_string_vec4
    %concat/vec4; draw_string_vec4
    %pushi/vec4 0, 0, 32; draw_string_vec4
    %concat/vec4; draw_string_vec4
    %pushi/vec4 0, 0, 32; draw_string_vec4
    %concat/vec4; draw_string_vec4
    %pushi/vec4 0, 0, 32; draw_string_vec4
    %concat/vec4; draw_string_vec4
    %pushi/vec4 0, 0, 32; draw_string_vec4
    %concat/vec4; draw_string_vec4
    %pushi/vec4 0, 0, 32; draw_string_vec4
    %concat/vec4; draw_string_vec4
    %pushi/vec4 0, 0, 32; draw_string_vec4
    %concat/vec4; draw_string_vec4
    %pushi/vec4 0, 0, 32; draw_string_vec4
    %concat/vec4; draw_string_vec4
    %pushi/vec4 0, 0, 32; draw_string_vec4
    %concat/vec4; draw_string_vec4
    %pushi/vec4 0, 0, 32; draw_string_vec4
    %concat/vec4; draw_string_vec4
    %pushi/vec4 0, 0, 32; draw_string_vec4
    %concat/vec4; draw_string_vec4
    %pushi/vec4 104, 0, 32; draw_string_vec4
    %concat/vec4; draw_string_vec4
    %pushi/vec4 1634494071, 0, 32; draw_string_vec4
    %concat/vec4; draw_string_vec4
    %pushi/vec4 1869767712, 0, 32; draw_string_vec4
    %concat/vec4; draw_string_vec4
    %pushi/vec4 1886545267, 0, 32; draw_string_vec4
    %concat/vec4; draw_string_vec4
    %pushi/vec4 1702000229, 0, 32; draw_string_vec4
    %concat/vec4; draw_string_vec4
    %store/vec4 v000001d475519850_0, 0, 768;
    %fork TD_tb_data_mem.do_load_check, S_000001d475527d20;
    %join;
    %fork TD_tb_data_mem.wait_idle, S_000001d4758de6f0;
    %join;
    %wait E_000001d475516620;
    %pushi/vec4 5, 0, 4;
    %assign/vec4 v000001d4758dcaa0_0, 0;
    %pushi/vec4 64, 0, 32;
    %assign/vec4 v000001d4758dd9a0_0, 0;
    %pushi/vec4 2863311530, 0, 32;
    %assign/vec4 v000001d4758dda40_0, 0;
    %pushi/vec4 0, 0, 32;
    %store/vec4 v000001d4758dc3c0_0, 0, 32;
T_13.8 ;
    %load/vec4 v000001d4758dc3c0_0;
    %cmpi/s 10, 0, 32;
    %jmp/0xz T_13.9, 5;
    %wait E_000001d475516620;
    %load/vec4 v000001d4758ddcc0_0;
    %cmpi/ne 0, 0, 1;
    %jmp/0xz  T_13.10, 6;
    %pushi/vec4 0, 0, 32; draw_string_vec4
    %pushi/vec4 0, 0, 32; draw_string_vec4
    %concat/vec4; draw_string_vec4
    %pushi/vec4 0, 0, 32; draw_string_vec4
    %concat/vec4; draw_string_vec4
    %pushi/vec4 0, 0, 32; draw_string_vec4
    %concat/vec4; draw_string_vec4
    %pushi/vec4 0, 0, 32; draw_string_vec4
    %concat/vec4; draw_string_vec4
    %pushi/vec4 0, 0, 32; draw_string_vec4
    %concat/vec4; draw_string_vec4
    %pushi/vec4 0, 0, 32; draw_string_vec4
    %concat/vec4; draw_string_vec4
    %pushi/vec4 0, 0, 32; draw_string_vec4
    %concat/vec4; draw_string_vec4
    %pushi/vec4 0, 0, 32; draw_string_vec4
    %concat/vec4; draw_string_vec4
    %pushi/vec4 0, 0, 32; draw_string_vec4
    %concat/vec4; draw_string_vec4
    %pushi/vec4 0, 0, 32; draw_string_vec4
    %concat/vec4; draw_string_vec4
    %pushi/vec4 0, 0, 32; draw_string_vec4
    %concat/vec4; draw_string_vec4
    %pushi/vec4 0, 0, 32; draw_string_vec4
    %concat/vec4; draw_string_vec4
    %pushi/vec4 0, 0, 32; draw_string_vec4
    %concat/vec4; draw_string_vec4
    %pushi/vec4 0, 0, 32; draw_string_vec4
    %concat/vec4; draw_string_vec4
    %pushi/vec4 6382443, 0, 32; draw_string_vec4
    %concat/vec4; draw_string_vec4
    %pushi/vec4 543257459, 0, 32; draw_string_vec4
    %concat/vec4; draw_string_vec4
    %pushi/vec4 1701999717, 0, 32; draw_string_vec4
    %concat/vec4; draw_string_vec4
    %pushi/vec4 1679844975, 0, 32; draw_string_vec4
    %concat/vec4; draw_string_vec4
    %pushi/vec4 1914729838, 0, 32; draw_string_vec4
    %concat/vec4; draw_string_vec4
    %pushi/vec4 1937076336, 0, 32; draw_string_vec4
    %concat/vec4; draw_string_vec4
    %pushi/vec4 1869771877, 0, 32; draw_string_vec4
    %concat/vec4; draw_string_vec4
    %pushi/vec4 1679844461, 0, 32; draw_string_vec4
    %concat/vec4; draw_string_vec4
    %pushi/vec4 1600353388, 0, 32; draw_string_vec4
    %concat/vec4; draw_string_vec4
    %store/vec4 v000001d47558e090_0, 0, 768;
    %fork TD_tb_data_mem.fail, S_000001d475482b40;
    %join;
T_13.10 ;
    %load/vec4 v000001d47558e450_0;
    %cmpi/ne 0, 0, 1;
    %jmp/0xz  T_13.12, 6;
    %pushi/vec4 0, 0, 32; draw_string_vec4
    %pushi/vec4 0, 0, 32; draw_string_vec4
    %concat/vec4; draw_string_vec4
    %pushi/vec4 0, 0, 32; draw_string_vec4
    %concat/vec4; draw_string_vec4
    %pushi/vec4 0, 0, 32; draw_string_vec4
    %concat/vec4; draw_string_vec4
    %pushi/vec4 0, 0, 32; draw_string_vec4
    %concat/vec4; draw_string_vec4
    %pushi/vec4 0, 0, 32; draw_string_vec4
    %concat/vec4; draw_string_vec4
    %pushi/vec4 0, 0, 32; draw_string_vec4
    %concat/vec4; draw_string_vec4
    %pushi/vec4 0, 0, 32; draw_string_vec4
    %concat/vec4; draw_string_vec4
    %pushi/vec4 0, 0, 32; draw_string_vec4
    %concat/vec4; draw_string_vec4
    %pushi/vec4 0, 0, 32; draw_string_vec4
    %concat/vec4; draw_string_vec4
    %pushi/vec4 0, 0, 32; draw_string_vec4
    %concat/vec4; draw_string_vec4
    %pushi/vec4 0, 0, 32; draw_string_vec4
    %concat/vec4; draw_string_vec4
    %pushi/vec4 0, 0, 32; draw_string_vec4
    %concat/vec4; draw_string_vec4
    %pushi/vec4 0, 0, 32; draw_string_vec4
    %concat/vec4; draw_string_vec4
    %pushi/vec4 0, 0, 32; draw_string_vec4
    %concat/vec4; draw_string_vec4
    %pushi/vec4 1651864441, 0, 32; draw_string_vec4
    %concat/vec4; draw_string_vec4
    %pushi/vec4 543257459, 0, 32; draw_string_vec4
    %concat/vec4; draw_string_vec4
    %pushi/vec4 1701999717, 0, 32; draw_string_vec4
    %concat/vec4; draw_string_vec4
    %pushi/vec4 1679844975, 0, 32; draw_string_vec4
    %concat/vec4; draw_string_vec4
    %pushi/vec4 1914729838, 0, 32; draw_string_vec4
    %concat/vec4; draw_string_vec4
    %pushi/vec4 1937076336, 0, 32; draw_string_vec4
    %concat/vec4; draw_string_vec4
    %pushi/vec4 1869771877, 0, 32; draw_string_vec4
    %concat/vec4; draw_string_vec4
    %pushi/vec4 1679844461, 0, 32; draw_string_vec4
    %concat/vec4; draw_string_vec4
    %pushi/vec4 1600353388, 0, 32; draw_string_vec4
    %concat/vec4; draw_string_vec4
    %store/vec4 v000001d47558e090_0, 0, 768;
    %fork TD_tb_data_mem.fail, S_000001d475482b40;
    %join;
T_13.12 ;
    %load/vec4 v000001d4758dc3c0_0;
    %addi 1, 0, 32;
    %store/vec4 v000001d4758dc3c0_0, 0, 32;
    %jmp T_13.8;
T_13.9 ;
    %pushi/vec4 0, 0, 4;
    %assign/vec4 v000001d4758dcaa0_0, 0;
    %pushi/vec4 64, 0, 32;
    %store/vec4 v000001d475519f30_0, 0, 32;
    %pushi/vec4 0, 0, 32; draw_string_vec4
    %pushi/vec4 0, 0, 32; draw_string_vec4
    %concat/vec4; draw_string_vec4
    %pushi/vec4 0, 0, 32; draw_string_vec4
    %concat/vec4; draw_string_vec4
    %pushi/vec4 0, 0, 32; draw_string_vec4
    %concat/vec4; draw_string_vec4
    %pushi/vec4 0, 0, 32; draw_string_vec4
    %concat/vec4; draw_string_vec4
    %pushi/vec4 0, 0, 32; draw_string_vec4
    %concat/vec4; draw_string_vec4
    %pushi/vec4 0, 0, 32; draw_string_vec4
    %concat/vec4; draw_string_vec4
    %pushi/vec4 0, 0, 32; draw_string_vec4
    %concat/vec4; draw_string_vec4
    %pushi/vec4 0, 0, 32; draw_string_vec4
    %concat/vec4; draw_string_vec4
    %pushi/vec4 0, 0, 32; draw_string_vec4
    %concat/vec4; draw_string_vec4
    %pushi/vec4 0, 0, 32; draw_string_vec4
    %concat/vec4; draw_string_vec4
    %pushi/vec4 0, 0, 32; draw_string_vec4
    %concat/vec4; draw_string_vec4
    %pushi/vec4 0, 0, 32; draw_string_vec4
    %concat/vec4; draw_string_vec4
    %pushi/vec4 0, 0, 32; draw_string_vec4
    %concat/vec4; draw_string_vec4
    %pushi/vec4 0, 0, 32; draw_string_vec4
    %concat/vec4; draw_string_vec4
    %pushi/vec4 0, 0, 32; draw_string_vec4
    %concat/vec4; draw_string_vec4
    %pushi/vec4 0, 0, 32; draw_string_vec4
    %concat/vec4; draw_string_vec4
    %pushi/vec4 117, 0, 32; draw_string_vec4
    %concat/vec4; draw_string_vec4
    %pushi/vec4 1853060464, 0, 32; draw_string_vec4
    %concat/vec4; draw_string_vec4
    %pushi/vec4 1886351988, 0, 32; draw_string_vec4
    %concat/vec4; draw_string_vec4
    %pushi/vec4 1701060717, 0, 32; draw_string_vec4
    %concat/vec4; draw_string_vec4
    %pushi/vec4 1634954016, 0, 32; draw_string_vec4
    %concat/vec4; draw_string_vec4
    %pushi/vec4 1852779895, 0, 32; draw_string_vec4
    %concat/vec4; draw_string_vec4
    %pushi/vec4 1919513701, 0, 32; draw_string_vec4
    %concat/vec4; draw_string_vec4
    %store/vec4 v000001d475519850_0, 0, 768;
    %fork TD_tb_data_mem.do_load_check, S_000001d475527d20;
    %join;
    %pushi/vec4 15, 0, 4;
    %store/vec4 v000001d475519530_0, 0, 4;
    %pushi/vec4 48, 0, 32;
    %store/vec4 v000001d47551a2f0_0, 0, 32;
    %pushi/vec4 286335522, 0, 32;
    %store/vec4 v000001d475519990_0, 0, 32;
    %pushi/vec4 0, 0, 32; draw_string_vec4
    %pushi/vec4 0, 0, 32; draw_string_vec4
    %concat/vec4; draw_string_vec4
    %pushi/vec4 0, 0, 32; draw_string_vec4
    %concat/vec4; draw_string_vec4
    %pushi/vec4 0, 0, 32; draw_string_vec4
    %concat/vec4; draw_string_vec4
    %pushi/vec4 0, 0, 32; draw_string_vec4
    %concat/vec4; draw_string_vec4
    %pushi/vec4 0, 0, 32; draw_string_vec4
    %concat/vec4; draw_string_vec4
    %pushi/vec4 0, 0, 32; draw_string_vec4
    %concat/vec4; draw_string_vec4
    %pushi/vec4 0, 0, 32; draw_string_vec4
    %concat/vec4; draw_string_vec4
    %pushi/vec4 0, 0, 32; draw_string_vec4
    %concat/vec4; draw_string_vec4
    %pushi/vec4 0, 0, 32; draw_string_vec4
    %concat/vec4; draw_string_vec4
    %pushi/vec4 0, 0, 32; draw_string_vec4
    %concat/vec4; draw_string_vec4
    %pushi/vec4 0, 0, 32; draw_string_vec4
    %concat/vec4; draw_string_vec4
    %pushi/vec4 0, 0, 32; draw_string_vec4
    %concat/vec4; draw_string_vec4
    %pushi/vec4 0, 0, 32; draw_string_vec4
    %concat/vec4; draw_string_vec4
    %pushi/vec4 0, 0, 32; draw_string_vec4
    %concat/vec4; draw_string_vec4
    %pushi/vec4 0, 0, 32; draw_string_vec4
    %concat/vec4; draw_string_vec4
    %pushi/vec4 0, 0, 32; draw_string_vec4
    %concat/vec4; draw_string_vec4
    %pushi/vec4 0, 0, 32; draw_string_vec4
    %concat/vec4; draw_string_vec4
    %pushi/vec4 0, 0, 32; draw_string_vec4
    %concat/vec4; draw_string_vec4
    %pushi/vec4 0, 0, 32; draw_string_vec4
    %concat/vec4; draw_string_vec4
    %pushi/vec4 0, 0, 32; draw_string_vec4
    %concat/vec4; draw_string_vec4
    %pushi/vec4 1937010546, 0, 32; draw_string_vec4
    %concat/vec4; draw_string_vec4
    %pushi/vec4 1696626543, 0, 32; draw_string_vec4
    %concat/vec4; draw_string_vec4
    %pushi/vec4 1919164481, 0, 32; draw_string_vec4
    %concat/vec4; draw_string_vec4
    %store/vec4 v000001d475519670_0, 0, 768;
    %fork TD_tb_data_mem.do_store, S_000001d4754fa650;
    %join;
    %pushi/vec4 15, 0, 4;
    %store/vec4 v000001d475519530_0, 0, 4;
    %pushi/vec4 52, 0, 32;
    %store/vec4 v000001d47551a2f0_0, 0, 32;
    %pushi/vec4 858997828, 0, 32;
    %store/vec4 v000001d475519990_0, 0, 32;
    %pushi/vec4 0, 0, 32; draw_string_vec4
    %pushi/vec4 0, 0, 32; draw_string_vec4
    %concat/vec4; draw_string_vec4
    %pushi/vec4 0, 0, 32; draw_string_vec4
    %concat/vec4; draw_string_vec4
    %pushi/vec4 0, 0, 32; draw_string_vec4
    %concat/vec4; draw_string_vec4
    %pushi/vec4 0, 0, 32; draw_string_vec4
    %concat/vec4; draw_string_vec4
    %pushi/vec4 0, 0, 32; draw_string_vec4
    %concat/vec4; draw_string_vec4
    %pushi/vec4 0, 0, 32; draw_string_vec4
    %concat/vec4; draw_string_vec4
    %pushi/vec4 0, 0, 32; draw_string_vec4
    %concat/vec4; draw_string_vec4
    %pushi/vec4 0, 0, 32; draw_string_vec4
    %concat/vec4; draw_string_vec4
    %pushi/vec4 0, 0, 32; draw_string_vec4
    %concat/vec4; draw_string_vec4
    %pushi/vec4 0, 0, 32; draw_string_vec4
    %concat/vec4; draw_string_vec4
    %pushi/vec4 0, 0, 32; draw_string_vec4
    %concat/vec4; draw_string_vec4
    %pushi/vec4 0, 0, 32; draw_string_vec4
    %concat/vec4; draw_string_vec4
    %pushi/vec4 0, 0, 32; draw_string_vec4
    %concat/vec4; draw_string_vec4
    %pushi/vec4 0, 0, 32; draw_string_vec4
    %concat/vec4; draw_string_vec4
    %pushi/vec4 0, 0, 32; draw_string_vec4
    %concat/vec4; draw_string_vec4
    %pushi/vec4 0, 0, 32; draw_string_vec4
    %concat/vec4; draw_string_vec4
    %pushi/vec4 0, 0, 32; draw_string_vec4
    %concat/vec4; draw_string_vec4
    %pushi/vec4 0, 0, 32; draw_string_vec4
    %concat/vec4; draw_string_vec4
    %pushi/vec4 0, 0, 32; draw_string_vec4
    %concat/vec4; draw_string_vec4
    %pushi/vec4 0, 0, 32; draw_string_vec4
    %concat/vec4; draw_string_vec4
    %pushi/vec4 1937010546, 0, 32; draw_string_vec4
    %concat/vec4; draw_string_vec4
    %pushi/vec4 1696626543, 0, 32; draw_string_vec4
    %concat/vec4; draw_string_vec4
    %pushi/vec4 1919164482, 0, 32; draw_string_vec4
    %concat/vec4; draw_string_vec4
    %store/vec4 v000001d475519670_0, 0, 768;
    %fork TD_tb_data_mem.do_store, S_000001d4754fa650;
    %join;
    %pushi/vec4 48, 0, 32;
    %store/vec4 v000001d475519f30_0, 0, 32;
    %pushi/vec4 0, 0, 32; draw_string_vec4
    %pushi/vec4 0, 0, 32; draw_string_vec4
    %concat/vec4; draw_string_vec4
    %pushi/vec4 0, 0, 32; draw_string_vec4
    %concat/vec4; draw_string_vec4
    %pushi/vec4 0, 0, 32; draw_string_vec4
    %concat/vec4; draw_string_vec4
    %pushi/vec4 0, 0, 32; draw_string_vec4
    %concat/vec4; draw_string_vec4
    %pushi/vec4 0, 0, 32; draw_string_vec4
    %concat/vec4; draw_string_vec4
    %pushi/vec4 0, 0, 32; draw_string_vec4
    %concat/vec4; draw_string_vec4
    %pushi/vec4 0, 0, 32; draw_string_vec4
    %concat/vec4; draw_string_vec4
    %pushi/vec4 0, 0, 32; draw_string_vec4
    %concat/vec4; draw_string_vec4
    %pushi/vec4 0, 0, 32; draw_string_vec4
    %concat/vec4; draw_string_vec4
    %pushi/vec4 0, 0, 32; draw_string_vec4
    %concat/vec4; draw_string_vec4
    %pushi/vec4 0, 0, 32; draw_string_vec4
    %concat/vec4; draw_string_vec4
    %pushi/vec4 0, 0, 32; draw_string_vec4
    %concat/vec4; draw_string_vec4
    %pushi/vec4 0, 0, 32; draw_string_vec4
    %concat/vec4; draw_string_vec4
    %pushi/vec4 0, 0, 32; draw_string_vec4
    %concat/vec4; draw_string_vec4
    %pushi/vec4 0, 0, 32; draw_string_vec4
    %concat/vec4; draw_string_vec4
    %pushi/vec4 0, 0, 32; draw_string_vec4
    %concat/vec4; draw_string_vec4
    %pushi/vec4 0, 0, 32; draw_string_vec4
    %concat/vec4; draw_string_vec4
    %pushi/vec4 0, 0, 32; draw_string_vec4
    %concat/vec4; draw_string_vec4
    %pushi/vec4 0, 0, 32; draw_string_vec4
    %concat/vec4; draw_string_vec4
    %pushi/vec4 0, 0, 32; draw_string_vec4
    %concat/vec4; draw_string_vec4
    %pushi/vec4 7106401, 0, 32; draw_string_vec4
    %concat/vec4; draw_string_vec4
    %pushi/vec4 1679849327, 0, 32; draw_string_vec4
    %concat/vec4; draw_string_vec4
    %pushi/vec4 1919164481, 0, 32; draw_string_vec4
    %concat/vec4; draw_string_vec4
    %store/vec4 v000001d475519850_0, 0, 768;
    %fork TD_tb_data_mem.do_load_check, S_000001d475527d20;
    %join;
    %pushi/vec4 52, 0, 32;
    %store/vec4 v000001d475519f30_0, 0, 32;
    %pushi/vec4 0, 0, 32; draw_string_vec4
    %pushi/vec4 0, 0, 32; draw_string_vec4
    %concat/vec4; draw_string_vec4
    %pushi/vec4 0, 0, 32; draw_string_vec4
    %concat/vec4; draw_string_vec4
    %pushi/vec4 0, 0, 32; draw_string_vec4
    %concat/vec4; draw_string_vec4
    %pushi/vec4 0, 0, 32; draw_string_vec4
    %concat/vec4; draw_string_vec4
    %pushi/vec4 0, 0, 32; draw_string_vec4
    %concat/vec4; draw_string_vec4
    %pushi/vec4 0, 0, 32; draw_string_vec4
    %concat/vec4; draw_string_vec4
    %pushi/vec4 0, 0, 32; draw_string_vec4
    %concat/vec4; draw_string_vec4
    %pushi/vec4 0, 0, 32; draw_string_vec4
    %concat/vec4; draw_string_vec4
    %pushi/vec4 0, 0, 32; draw_string_vec4
    %concat/vec4; draw_string_vec4
    %pushi/vec4 0, 0, 32; draw_string_vec4
    %concat/vec4; draw_string_vec4
    %pushi/vec4 0, 0, 32; draw_string_vec4
    %concat/vec4; draw_string_vec4
    %pushi/vec4 0, 0, 32; draw_string_vec4
    %concat/vec4; draw_string_vec4
    %pushi/vec4 0, 0, 32; draw_string_vec4
    %concat/vec4; draw_string_vec4
    %pushi/vec4 0, 0, 32; draw_string_vec4
    %concat/vec4; draw_string_vec4
    %pushi/vec4 0, 0, 32; draw_string_vec4
    %concat/vec4; draw_string_vec4
    %pushi/vec4 0, 0, 32; draw_string_vec4
    %concat/vec4; draw_string_vec4
    %pushi/vec4 0, 0, 32; draw_string_vec4
    %concat/vec4; draw_string_vec4
    %pushi/vec4 0, 0, 32; draw_string_vec4
    %concat/vec4; draw_string_vec4
    %pushi/vec4 0, 0, 32; draw_string_vec4
    %concat/vec4; draw_string_vec4
    %pushi/vec4 0, 0, 32; draw_string_vec4
    %concat/vec4; draw_string_vec4
    %pushi/vec4 7106401, 0, 32; draw_string_vec4
    %concat/vec4; draw_string_vec4
    %pushi/vec4 1679849327, 0, 32; draw_string_vec4
    %concat/vec4; draw_string_vec4
    %pushi/vec4 1919164482, 0, 32; draw_string_vec4
    %concat/vec4; draw_string_vec4
    %store/vec4 v000001d475519850_0, 0, 768;
    %fork TD_tb_data_mem.do_load_check, S_000001d475527d20;
    %join;
    %load/vec4 v000001d4758dd720_0;
    %cmpi/e 0, 0, 32;
    %jmp/0xz  T_13.14, 4;
    %vpi_call/w 3 241 "$display", "ALL TESTS PASSED" {0 0 0};
    %jmp T_13.15;
T_13.14 ;
    %vpi_call/w 3 243 "$display", "TEST FAILED, error count = %0d", v000001d4758dd720_0 {0 0 0};
T_13.15 ;
    %delay 20000, 0;
    %vpi_call/w 3 246 "$finish" {0 0 0};
    %end;
    .thread T_13;
# The file index is used to find the file name in the following table.
:file_names 5;
    "N/A";
    "<interactive>";
    "-";
    "z:\CowCat32\sim\tb\tb_data_mem.v";
    "z:\CowCat32\src\memory\data_mem.v";
